<?xml version="1.0" encoding="UTF-8"?>
<!-- Generated by org.testng.reporters.JUnitReportReporter -->
<testsuite hostname="73155.local" failures="0" tests="3" name="org.latiffsyed.tests.android.PurchaseOrderFlowTest" time="79.710" errors="0" timestamp="2025-07-24T11:37:02 EDT" skipped="0">
  <testcase classname="org.latiffsyed.tests.android.PurchaseOrderFlowTest" name="EndToEndOrderFlowTest" time="24.535"/>
  <testcase classname="org.latiffsyed.tests.android.PurchaseOrderFlowTest" name="EndToEndOrderFlowTest" time="25.826"/>
  <testcase classname="org.latiffsyed.tests.android.PurchaseOrderFlowTest" name="EndToEndOrderFlowTest" time="29.349"/>
</testsuite> <!-- org.latiffsyed.tests.android.PurchaseOrderFlowTest -->
